INFO - 2024-12-13 07:07:21 --> Session: Class initialized using 'CodeIgniter\Session\Handlers\FileHandler' driver.
INFO - 2024-12-13 07:07:21 --> Session: Class initialized using 'CodeIgniter\Session\Handlers\FileHandler' driver.
INFO - 2024-12-13 07:07:26 --> Session: Class initialized using 'CodeIgniter\Session\Handlers\FileHandler' driver.
INFO - 2024-12-13 07:07:26 --> Session: Class initialized using 'CodeIgniter\Session\Handlers\FileHandler' driver.
INFO - 2024-12-13 07:08:47 --> Session: Class initialized using 'CodeIgniter\Session\Handlers\FileHandler' driver.
INFO - 2024-12-13 07:10:35 --> Session: Class initialized using 'CodeIgniter\Session\Handlers\FileHandler' driver.
INFO - 2024-12-13 07:13:31 --> Session: Class initialized using 'CodeIgniter\Session\Handlers\FileHandler' driver.
INFO - 2024-12-13 07:13:49 --> Session: Class initialized using 'CodeIgniter\Session\Handlers\FileHandler' driver.
INFO - 2024-12-13 07:15:25 --> Session: Class initialized using 'CodeIgniter\Session\Handlers\FileHandler' driver.
INFO - 2024-12-13 07:37:55 --> Session: Class initialized using 'CodeIgniter\Session\Handlers\FileHandler' driver.
CRITICAL - 2024-12-13 07:37:55 --> ErrorException: Undefined variable $post
in APPPATH\Controllers\Admin\Role\Role.php on line 42.
 1 APPPATH\Controllers\Admin\Role\Role.php(42): CodeIgniter\Debug\Exceptions->errorHandler(2, 'Undefined variable $post', 'C:\\xampp\\htdocs\\adminnd\\app\\Controllers\\Admin\\Role\\Role.php', 42)
 2 SYSTEMPATH\CodeIgniter.php(943): App\Controllers\Admin\Role\Role->listAllRoles('8644acb450c69b47fc60c24f5038d363')
 3 SYSTEMPATH\CodeIgniter.php(503): CodeIgniter\CodeIgniter->runController(Object(App\Controllers\Admin\Role\Role))
 4 SYSTEMPATH\CodeIgniter.php(361): CodeIgniter\CodeIgniter->handleRequest(null, Object(Config\Cache), false)
 5 FCPATH\index.php(79): CodeIgniter\CodeIgniter->run()
 6 SYSTEMPATH\Commands\Server\rewrite.php(47): require_once('C:\\xampp\\htdocs\\adminnd\\public\\index.php')
INFO - 2024-12-13 07:37:56 --> Session: Class initialized using 'CodeIgniter\Session\Handlers\FileHandler' driver.
CRITICAL - 2024-12-13 07:37:56 --> ErrorException: Undefined variable $post
in APPPATH\Controllers\Admin\Role\Role.php on line 42.
 1 APPPATH\Controllers\Admin\Role\Role.php(42): CodeIgniter\Debug\Exceptions->errorHandler(2, 'Undefined variable $post', 'C:\\xampp\\htdocs\\adminnd\\app\\Controllers\\Admin\\Role\\Role.php', 42)
 2 SYSTEMPATH\CodeIgniter.php(943): App\Controllers\Admin\Role\Role->listAllRoles('8644acb450c69b47fc60c24f5038d363')
 3 SYSTEMPATH\CodeIgniter.php(503): CodeIgniter\CodeIgniter->runController(Object(App\Controllers\Admin\Role\Role))
 4 SYSTEMPATH\CodeIgniter.php(361): CodeIgniter\CodeIgniter->handleRequest(null, Object(Config\Cache), false)
 5 FCPATH\index.php(79): CodeIgniter\CodeIgniter->run()
 6 SYSTEMPATH\Commands\Server\rewrite.php(47): require_once('C:\\xampp\\htdocs\\adminnd\\public\\index.php')
INFO - 2024-12-13 07:38:07 --> Session: Class initialized using 'CodeIgniter\Session\Handlers\FileHandler' driver.
INFO - 2024-12-13 07:38:12 --> Session: Class initialized using 'CodeIgniter\Session\Handlers\FileHandler' driver.
INFO - 2024-12-13 07:38:16 --> Session: Class initialized using 'CodeIgniter\Session\Handlers\FileHandler' driver.
INFO - 2024-12-13 07:38:23 --> Session: Class initialized using 'CodeIgniter\Session\Handlers\FileHandler' driver.
INFO - 2024-12-13 07:38:30 --> Session: Class initialized using 'CodeIgniter\Session\Handlers\FileHandler' driver.
INFO - 2024-12-13 07:39:51 --> Session: Class initialized using 'CodeIgniter\Session\Handlers\FileHandler' driver.
INFO - 2024-12-13 07:40:43 --> Session: Class initialized using 'CodeIgniter\Session\Handlers\FileHandler' driver.
INFO - 2024-12-13 07:41:03 --> Session: Class initialized using 'CodeIgniter\Session\Handlers\FileHandler' driver.
INFO - 2024-12-13 07:43:55 --> Session: Class initialized using 'CodeIgniter\Session\Handlers\FileHandler' driver.
CRITICAL - 2024-12-13 13:13:55 --> ErrorException: Array to string conversion
in APPPATH\Models\RoleModel.php on line 185.
 1 APPPATH\Models\RoleModel.php(185): CodeIgniter\Debug\Exceptions->errorHandler(2, 'Array to string conversion', 'C:\\xampp\\htdocs\\adminnd\\app\\Models\\RoleModel.php', 185)
 2 APPPATH\Controllers\Admin\Role\Role.php(132): App\Models\RoleModel->save([...])
 3 SYSTEMPATH\CodeIgniter.php(943): App\Controllers\Admin\Role\Role->listRole_save('8644acb450c69b47fc60c24f5038d363')
 4 SYSTEMPATH\CodeIgniter.php(503): CodeIgniter\CodeIgniter->runController(Object(App\Controllers\Admin\Role\Role))
 5 SYSTEMPATH\CodeIgniter.php(361): CodeIgniter\CodeIgniter->handleRequest(null, Object(Config\Cache), false)
 6 FCPATH\index.php(79): CodeIgniter\CodeIgniter->run()
 7 SYSTEMPATH\Commands\Server\rewrite.php(47): require_once('C:\\xampp\\htdocs\\adminnd\\public\\index.php')
INFO - 2024-12-13 07:44:04 --> Session: Class initialized using 'CodeIgniter\Session\Handlers\FileHandler' driver.
INFO - 2024-12-13 07:44:14 --> Session: Class initialized using 'CodeIgniter\Session\Handlers\FileHandler' driver.
INFO - 2024-12-13 07:45:36 --> Session: Class initialized using 'CodeIgniter\Session\Handlers\FileHandler' driver.
INFO - 2024-12-13 07:45:44 --> Session: Class initialized using 'CodeIgniter\Session\Handlers\FileHandler' driver.
INFO - 2024-12-13 09:52:24 --> Session: Class initialized using 'CodeIgniter\Session\Handlers\FileHandler' driver.
INFO - 2024-12-13 09:52:24 --> Session: Class initialized using 'CodeIgniter\Session\Handlers\FileHandler' driver.
INFO - 2024-12-13 09:52:32 --> Session: Class initialized using 'CodeIgniter\Session\Handlers\FileHandler' driver.
INFO - 2024-12-13 09:52:32 --> Session: Class initialized using 'CodeIgniter\Session\Handlers\FileHandler' driver.
INFO - 2024-12-13 09:52:36 --> Session: Class initialized using 'CodeIgniter\Session\Handlers\FileHandler' driver.
INFO - 2024-12-13 09:52:52 --> Session: Class initialized using 'CodeIgniter\Session\Handlers\FileHandler' driver.
INFO - 2024-12-13 09:53:03 --> Session: Class initialized using 'CodeIgniter\Session\Handlers\FileHandler' driver.
INFO - 2024-12-13 09:53:21 --> Session: Class initialized using 'CodeIgniter\Session\Handlers\FileHandler' driver.
INFO - 2024-12-13 09:53:27 --> Session: Class initialized using 'CodeIgniter\Session\Handlers\FileHandler' driver.
INFO - 2024-12-13 09:53:48 --> Session: Class initialized using 'CodeIgniter\Session\Handlers\FileHandler' driver.
INFO - 2024-12-13 09:54:12 --> Session: Class initialized using 'CodeIgniter\Session\Handlers\FileHandler' driver.
INFO - 2024-12-13 09:54:20 --> Session: Class initialized using 'CodeIgniter\Session\Handlers\FileHandler' driver.
INFO - 2024-12-13 09:54:40 --> Session: Class initialized using 'CodeIgniter\Session\Handlers\FileHandler' driver.
INFO - 2024-12-13 09:54:46 --> Session: Class initialized using 'CodeIgniter\Session\Handlers\FileHandler' driver.
INFO - 2024-12-13 09:54:48 --> Session: Class initialized using 'CodeIgniter\Session\Handlers\FileHandler' driver.
INFO - 2024-12-13 09:54:51 --> Session: Class initialized using 'CodeIgniter\Session\Handlers\FileHandler' driver.
INFO - 2024-12-13 09:55:12 --> Session: Class initialized using 'CodeIgniter\Session\Handlers\FileHandler' driver.
INFO - 2024-12-13 09:58:26 --> Session: Class initialized using 'CodeIgniter\Session\Handlers\FileHandler' driver.
CRITICAL - 2024-12-13 09:58:26 --> ParseError: syntax error, unexpected end of file
in APPPATH\Views\admin\userroll\role_list.php on line 198.
 1 SYSTEMPATH\View\View.php(231): CodeIgniter\View\View->CodeIgniter\View\{closure}()
 2 SYSTEMPATH\Common.php(1178): CodeIgniter\View\View->render('admin/userroll/role_list', [], true)
 3 APPPATH\Controllers\Admin\Role\Role.php(46): view('admin/userroll/role_list', [...])
 4 SYSTEMPATH\CodeIgniter.php(943): App\Controllers\Admin\Role\Role->listAllRoles('6161574be4bd8a9e01e837e720ebcc5f')
 5 SYSTEMPATH\CodeIgniter.php(503): CodeIgniter\CodeIgniter->runController(Object(App\Controllers\Admin\Role\Role))
 6 SYSTEMPATH\CodeIgniter.php(361): CodeIgniter\CodeIgniter->handleRequest(null, Object(Config\Cache), false)
 7 FCPATH\index.php(79): CodeIgniter\CodeIgniter->run()
 8 SYSTEMPATH\Commands\Server\rewrite.php(47): require_once('C:\\xampp\\htdocs\\adminnd\\public\\index.php')
INFO - 2024-12-13 09:59:22 --> Session: Class initialized using 'CodeIgniter\Session\Handlers\FileHandler' driver.
CRITICAL - 2024-12-13 09:59:22 --> ErrorException: Undefined variable $roles
in APPPATH\Views\admin\userroll\role_list.php on line 129.
 1 APPPATH\Views\admin\userroll\role_list.php(129): CodeIgniter\Debug\Exceptions->errorHandler(2, 'Undefined variable $roles', 'C:\\xampp\\htdocs\\adminnd\\app\\Views\\admin\\userroll\\role_list.php', 129)
 2 SYSTEMPATH\View\View.php(228): include('C:\\xampp\\htdocs\\adminnd\\app\\Views\\admin\\userroll\\role_list.php')
 3 SYSTEMPATH\View\View.php(231): CodeIgniter\View\View->CodeIgniter\View\{closure}()
 4 SYSTEMPATH\Common.php(1178): CodeIgniter\View\View->render('admin/userroll/role_list', [], true)
 5 APPPATH\Controllers\Admin\Role\Role.php(46): view('admin/userroll/role_list', [...])
 6 SYSTEMPATH\CodeIgniter.php(943): App\Controllers\Admin\Role\Role->listAllRoles('6161574be4bd8a9e01e837e720ebcc5f')
 7 SYSTEMPATH\CodeIgniter.php(503): CodeIgniter\CodeIgniter->runController(Object(App\Controllers\Admin\Role\Role))
 8 SYSTEMPATH\CodeIgniter.php(361): CodeIgniter\CodeIgniter->handleRequest(null, Object(Config\Cache), false)
 9 FCPATH\index.php(79): CodeIgniter\CodeIgniter->run()
10 SYSTEMPATH\Commands\Server\rewrite.php(47): require_once('C:\\xampp\\htdocs\\adminnd\\public\\index.php')
INFO - 2024-12-13 09:59:44 --> Session: Class initialized using 'CodeIgniter\Session\Handlers\FileHandler' driver.
CRITICAL - 2024-12-13 09:59:44 --> ErrorException: Undefined variable $roles
in APPPATH\Views\admin\userroll\role_list.php on line 129.
 1 APPPATH\Views\admin\userroll\role_list.php(129): CodeIgniter\Debug\Exceptions->errorHandler(2, 'Undefined variable $roles', 'C:\\xampp\\htdocs\\adminnd\\app\\Views\\admin\\userroll\\role_list.php', 129)
 2 SYSTEMPATH\View\View.php(228): include('C:\\xampp\\htdocs\\adminnd\\app\\Views\\admin\\userroll\\role_list.php')
 3 SYSTEMPATH\View\View.php(231): CodeIgniter\View\View->CodeIgniter\View\{closure}()
 4 SYSTEMPATH\Common.php(1178): CodeIgniter\View\View->render('admin/userroll/role_list', [], true)
 5 APPPATH\Controllers\Admin\Role\Role.php(46): view('admin/userroll/role_list', [...])
 6 SYSTEMPATH\CodeIgniter.php(943): App\Controllers\Admin\Role\Role->listAllRoles('6161574be4bd8a9e01e837e720ebcc5f')
 7 SYSTEMPATH\CodeIgniter.php(503): CodeIgniter\CodeIgniter->runController(Object(App\Controllers\Admin\Role\Role))
 8 SYSTEMPATH\CodeIgniter.php(361): CodeIgniter\CodeIgniter->handleRequest(null, Object(Config\Cache), false)
 9 FCPATH\index.php(79): CodeIgniter\CodeIgniter->run()
10 SYSTEMPATH\Commands\Server\rewrite.php(47): require_once('C:\\xampp\\htdocs\\adminnd\\public\\index.php')
INFO - 2024-12-13 09:59:47 --> Session: Class initialized using 'CodeIgniter\Session\Handlers\FileHandler' driver.
CRITICAL - 2024-12-13 09:59:47 --> ErrorException: Undefined variable $roles
in APPPATH\Views\admin\userroll\role_list.php on line 129.
 1 APPPATH\Views\admin\userroll\role_list.php(129): CodeIgniter\Debug\Exceptions->errorHandler(2, 'Undefined variable $roles', 'C:\\xampp\\htdocs\\adminnd\\app\\Views\\admin\\userroll\\role_list.php', 129)
 2 SYSTEMPATH\View\View.php(228): include('C:\\xampp\\htdocs\\adminnd\\app\\Views\\admin\\userroll\\role_list.php')
 3 SYSTEMPATH\View\View.php(231): CodeIgniter\View\View->CodeIgniter\View\{closure}()
 4 SYSTEMPATH\Common.php(1178): CodeIgniter\View\View->render('admin/userroll/role_list', [], true)
 5 APPPATH\Controllers\Admin\Role\Role.php(46): view('admin/userroll/role_list', [...])
 6 SYSTEMPATH\CodeIgniter.php(943): App\Controllers\Admin\Role\Role->listAllRoles('6161574be4bd8a9e01e837e720ebcc5f')
 7 SYSTEMPATH\CodeIgniter.php(503): CodeIgniter\CodeIgniter->runController(Object(App\Controllers\Admin\Role\Role))
 8 SYSTEMPATH\CodeIgniter.php(361): CodeIgniter\CodeIgniter->handleRequest(null, Object(Config\Cache), false)
 9 FCPATH\index.php(79): CodeIgniter\CodeIgniter->run()
10 SYSTEMPATH\Commands\Server\rewrite.php(47): require_once('C:\\xampp\\htdocs\\adminnd\\public\\index.php')
INFO - 2024-12-13 10:00:05 --> Session: Class initialized using 'CodeIgniter\Session\Handlers\FileHandler' driver.
CRITICAL - 2024-12-13 10:00:05 --> ErrorException: Undefined variable $roles
in APPPATH\Views\admin\userroll\role_list.php on line 129.
 1 APPPATH\Views\admin\userroll\role_list.php(129): CodeIgniter\Debug\Exceptions->errorHandler(2, 'Undefined variable $roles', 'C:\\xampp\\htdocs\\adminnd\\app\\Views\\admin\\userroll\\role_list.php', 129)
 2 SYSTEMPATH\View\View.php(228): include('C:\\xampp\\htdocs\\adminnd\\app\\Views\\admin\\userroll\\role_list.php')
 3 SYSTEMPATH\View\View.php(231): CodeIgniter\View\View->CodeIgniter\View\{closure}()
 4 SYSTEMPATH\Common.php(1178): CodeIgniter\View\View->render('admin/userroll/role_list', [], true)
 5 APPPATH\Controllers\Admin\Role\Role.php(46): view('admin/userroll/role_list', [...])
 6 SYSTEMPATH\CodeIgniter.php(943): App\Controllers\Admin\Role\Role->listAllRoles('6161574be4bd8a9e01e837e720ebcc5f')
 7 SYSTEMPATH\CodeIgniter.php(503): CodeIgniter\CodeIgniter->runController(Object(App\Controllers\Admin\Role\Role))
 8 SYSTEMPATH\CodeIgniter.php(361): CodeIgniter\CodeIgniter->handleRequest(null, Object(Config\Cache), false)
 9 FCPATH\index.php(79): CodeIgniter\CodeIgniter->run()
10 SYSTEMPATH\Commands\Server\rewrite.php(47): require_once('C:\\xampp\\htdocs\\adminnd\\public\\index.php')
INFO - 2024-12-13 10:08:46 --> Session: Class initialized using 'CodeIgniter\Session\Handlers\FileHandler' driver.
INFO - 2024-12-13 10:10:13 --> Session: Class initialized using 'CodeIgniter\Session\Handlers\FileHandler' driver.
INFO - 2024-12-13 10:10:54 --> Session: Class initialized using 'CodeIgniter\Session\Handlers\FileHandler' driver.
CRITICAL - 2024-12-13 10:10:54 --> ErrorException: Undefined property: stdClass::$user_id
in APPPATH\Views\admin\userroll\role_list.php on line 144.
 1 APPPATH\Views\admin\userroll\role_list.php(144): CodeIgniter\Debug\Exceptions->errorHandler(2, 'Undefined property: stdClass::$user_id', 'C:\\xampp\\htdocs\\adminnd\\app\\Views\\admin\\userroll\\role_list.php', 144)
 2 SYSTEMPATH\View\View.php(228): include('C:\\xampp\\htdocs\\adminnd\\app\\Views\\admin\\userroll\\role_list.php')
 3 SYSTEMPATH\View\View.php(231): CodeIgniter\View\View->CodeIgniter\View\{closure}()
 4 SYSTEMPATH\Common.php(1178): CodeIgniter\View\View->render('admin/userroll/role_list', [], true)
 5 APPPATH\Controllers\Admin\Role\Role.php(46): view('admin/userroll/role_list', [...])
 6 SYSTEMPATH\CodeIgniter.php(943): App\Controllers\Admin\Role\Role->listAllRoles('6161574be4bd8a9e01e837e720ebcc5f')
 7 SYSTEMPATH\CodeIgniter.php(503): CodeIgniter\CodeIgniter->runController(Object(App\Controllers\Admin\Role\Role))
 8 SYSTEMPATH\CodeIgniter.php(361): CodeIgniter\CodeIgniter->handleRequest(null, Object(Config\Cache), false)
 9 FCPATH\index.php(79): CodeIgniter\CodeIgniter->run()
10 SYSTEMPATH\Commands\Server\rewrite.php(47): require_once('C:\\xampp\\htdocs\\adminnd\\public\\index.php')
INFO - 2024-12-13 10:11:17 --> Session: Class initialized using 'CodeIgniter\Session\Handlers\FileHandler' driver.
INFO - 2024-12-13 10:11:42 --> Session: Class initialized using 'CodeIgniter\Session\Handlers\FileHandler' driver.
INFO - 2024-12-13 10:13:47 --> Session: Class initialized using 'CodeIgniter\Session\Handlers\FileHandler' driver.
INFO - 2024-12-13 10:14:17 --> Session: Class initialized using 'CodeIgniter\Session\Handlers\FileHandler' driver.
