INFO - 2024-12-12 07:48:38 --> Session: Class initialized using 'CodeIgniter\Session\Handlers\FileHandler' driver.
INFO - 2024-12-12 07:48:41 --> Session: Class initialized using 'CodeIgniter\Session\Handlers\FileHandler' driver.
INFO - 2024-12-12 07:48:41 --> Session: Class initialized using 'CodeIgniter\Session\Handlers\FileHandler' driver.
INFO - 2024-12-12 07:48:53 --> Session: Class initialized using 'CodeIgniter\Session\Handlers\FileHandler' driver.
INFO - 2024-12-12 07:49:55 --> Session: Class initialized using 'CodeIgniter\Session\Handlers\FileHandler' driver.
INFO - 2024-12-12 07:49:57 --> Session: Class initialized using 'CodeIgniter\Session\Handlers\FileHandler' driver.
INFO - 2024-12-12 07:50:17 --> Session: Class initialized using 'CodeIgniter\Session\Handlers\FileHandler' driver.
INFO - 2024-12-12 07:50:49 --> Session: Class initialized using 'CodeIgniter\Session\Handlers\FileHandler' driver.
INFO - 2024-12-12 07:51:04 --> Session: Class initialized using 'CodeIgniter\Session\Handlers\FileHandler' driver.
INFO - 2024-12-12 07:55:30 --> Session: Class initialized using 'CodeIgniter\Session\Handlers\FileHandler' driver.
INFO - 2024-12-12 07:58:35 --> Session: Class initialized using 'CodeIgniter\Session\Handlers\FileHandler' driver.
INFO - 2024-12-12 07:59:03 --> Session: Class initialized using 'CodeIgniter\Session\Handlers\FileHandler' driver.
INFO - 2024-12-12 08:01:32 --> Session: Class initialized using 'CodeIgniter\Session\Handlers\FileHandler' driver.
INFO - 2024-12-12 08:02:00 --> Session: Class initialized using 'CodeIgniter\Session\Handlers\FileHandler' driver.
INFO - 2024-12-12 08:02:18 --> Session: Class initialized using 'CodeIgniter\Session\Handlers\FileHandler' driver.
INFO - 2024-12-12 08:02:30 --> Session: Class initialized using 'CodeIgniter\Session\Handlers\FileHandler' driver.
INFO - 2024-12-12 08:03:06 --> Session: Class initialized using 'CodeIgniter\Session\Handlers\FileHandler' driver.
INFO - 2024-12-12 08:03:09 --> Session: Class initialized using 'CodeIgniter\Session\Handlers\FileHandler' driver.
INFO - 2024-12-12 08:03:15 --> Session: Class initialized using 'CodeIgniter\Session\Handlers\FileHandler' driver.
INFO - 2024-12-12 08:03:46 --> Session: Class initialized using 'CodeIgniter\Session\Handlers\FileHandler' driver.
INFO - 2024-12-12 08:03:50 --> Session: Class initialized using 'CodeIgniter\Session\Handlers\FileHandler' driver.
INFO - 2024-12-12 08:04:01 --> Session: Class initialized using 'CodeIgniter\Session\Handlers\FileHandler' driver.
INFO - 2024-12-12 08:04:04 --> Session: Class initialized using 'CodeIgniter\Session\Handlers\FileHandler' driver.
INFO - 2024-12-12 08:04:06 --> Session: Class initialized using 'CodeIgniter\Session\Handlers\FileHandler' driver.
INFO - 2024-12-12 08:23:01 --> Session: Class initialized using 'CodeIgniter\Session\Handlers\FileHandler' driver.
INFO - 2024-12-12 08:23:26 --> Session: Class initialized using 'CodeIgniter\Session\Handlers\FileHandler' driver.
INFO - 2024-12-12 08:24:38 --> Session: Class initialized using 'CodeIgniter\Session\Handlers\FileHandler' driver.
INFO - 2024-12-12 08:24:44 --> Session: Class initialized using 'CodeIgniter\Session\Handlers\FileHandler' driver.
INFO - 2024-12-12 08:24:52 --> Session: Class initialized using 'CodeIgniter\Session\Handlers\FileHandler' driver.
INFO - 2024-12-12 08:24:57 --> Session: Class initialized using 'CodeIgniter\Session\Handlers\FileHandler' driver.
INFO - 2024-12-12 09:00:30 --> Session: Class initialized using 'CodeIgniter\Session\Handlers\FileHandler' driver.
INFO - 2024-12-12 09:00:36 --> Session: Class initialized using 'CodeIgniter\Session\Handlers\FileHandler' driver.
INFO - 2024-12-12 09:01:20 --> Session: Class initialized using 'CodeIgniter\Session\Handlers\FileHandler' driver.
ERROR - 2024-12-12 09:01:20 --> mysqli_sql_exception: Table 'webuser_moj.job_listings' doesn't exist in C:\xampp\htdocs\adminnd\vendor\codeigniter4\framework\system\Database\MySQLi\Connection.php:306
Stack trace:
#0 C:\xampp\htdocs\adminnd\vendor\codeigniter4\framework\system\Database\MySQLi\Connection.php(306): mysqli->query('SELECT `job_lis...', 0)
#1 C:\xampp\htdocs\adminnd\vendor\codeigniter4\framework\system\Database\BaseConnection.php(693): CodeIgniter\Database\MySQLi\Connection->execute('SELECT `job_lis...')
#2 C:\xampp\htdocs\adminnd\vendor\codeigniter4\framework\system\Database\BaseConnection.php(607): CodeIgniter\Database\BaseConnection->simpleQuery('SELECT `job_lis...')
#3 C:\xampp\htdocs\adminnd\vendor\codeigniter4\framework\system\Database\BaseBuilder.php(1616): CodeIgniter\Database\BaseConnection->query('SELECT `job_lis...', Array, false)
#4 C:\xampp\htdocs\adminnd\app\Models\RoleModel.php(55): CodeIgniter\Database\BaseBuilder->get()
#5 C:\xampp\htdocs\adminnd\app\Controllers\Admin\Role\Role.php(39): App\Models\RoleModel->getallJobData()
#6 C:\xampp\htdocs\adminnd\vendor\codeigniter4\framework\system\CodeIgniter.php(943): App\Controllers\Admin\Role\Role->listAllRoles('19a5988d0e4abfd...')
#7 C:\xampp\htdocs\adminnd\vendor\codeigniter4\framework\system\CodeIgniter.php(503): CodeIgniter\CodeIgniter->runController(Object(App\Controllers\Admin\Role\Role))
#8 C:\xampp\htdocs\adminnd\vendor\codeigniter4\framework\system\CodeIgniter.php(361): CodeIgniter\CodeIgniter->handleRequest(NULL, Object(Config\Cache), false)
#9 C:\xampp\htdocs\adminnd\public\index.php(79): CodeIgniter\CodeIgniter->run()
#10 C:\xampp\htdocs\adminnd\vendor\codeigniter4\framework\system\Commands\Server\rewrite.php(47): require_once('C:\\xampp\\htdocs...')
#11 {main}
CRITICAL - 2024-12-12 09:01:20 --> CodeIgniter\Database\Exceptions\DatabaseException: Table 'webuser_moj.job_listings' doesn't exist
in SYSTEMPATH\Database\BaseConnection.php on line 647.
 1 SYSTEMPATH\Database\BaseBuilder.php(1616): CodeIgniter\Database\BaseConnection->query('SELECT `job_listings`.*, `hoteliers`.`name`, `hoteliers`.`address`, `hoteliers`.`city`, `hoteliers`.`state`, `hoteliers`.`pin_code`, `hoteliers`.`address`
FROM `job_listings`
JOIN `hoteliers` ON `hoteliers`.`user_id` = `job_listings`.`hotelier_id`', [], false)
 2 APPPATH\Models\RoleModel.php(55): CodeIgniter\Database\BaseBuilder->get()
 3 APPPATH\Controllers\Admin\Role\Role.php(39): App\Models\RoleModel->getallJobData()
 4 SYSTEMPATH\CodeIgniter.php(943): App\Controllers\Admin\Role\Role->listAllRoles('19a5988d0e4abfd2114953b7266826a9')
 5 SYSTEMPATH\CodeIgniter.php(503): CodeIgniter\CodeIgniter->runController(Object(App\Controllers\Admin\Role\Role))
 6 SYSTEMPATH\CodeIgniter.php(361): CodeIgniter\CodeIgniter->handleRequest(null, Object(Config\Cache), false)
 7 FCPATH\index.php(79): CodeIgniter\CodeIgniter->run()
 8 SYSTEMPATH\Commands\Server\rewrite.php(47): require_once('C:\\xampp\\htdocs\\adminnd\\public\\index.php')
CRITICAL - 2024-12-12 09:01:20 --> [Caused by] CodeIgniter\Database\Exceptions\DatabaseException: Table 'webuser_moj.job_listings' doesn't exist
in SYSTEMPATH\Database\MySQLi\Connection.php on line 311.
 1 SYSTEMPATH\Database\BaseConnection.php(693): CodeIgniter\Database\MySQLi\Connection->execute('SELECT `job_listings`.*, `hoteliers`.`name`, `hoteliers`.`address`, `hoteliers`.`city`, `hoteliers`.`state`, `hoteliers`.`pin_code`, `hoteliers`.`address`
FROM `job_listings`
JOIN `hoteliers` ON `hoteliers`.`user_id` = `job_listings`.`hotelier_id`')
 2 SYSTEMPATH\Database\BaseConnection.php(607): CodeIgniter\Database\BaseConnection->simpleQuery('SELECT `job_listings`.*, `hoteliers`.`name`, `hoteliers`.`address`, `hoteliers`.`city`, `hoteliers`.`state`, `hoteliers`.`pin_code`, `hoteliers`.`address`
FROM `job_listings`
JOIN `hoteliers` ON `hoteliers`.`user_id` = `job_listings`.`hotelier_id`')
 3 SYSTEMPATH\Database\BaseBuilder.php(1616): CodeIgniter\Database\BaseConnection->query('SELECT `job_listings`.*, `hoteliers`.`name`, `hoteliers`.`address`, `hoteliers`.`city`, `hoteliers`.`state`, `hoteliers`.`pin_code`, `hoteliers`.`address`
FROM `job_listings`
JOIN `hoteliers` ON `hoteliers`.`user_id` = `job_listings`.`hotelier_id`', [], false)
 4 APPPATH\Models\RoleModel.php(55): CodeIgniter\Database\BaseBuilder->get()
 5 APPPATH\Controllers\Admin\Role\Role.php(39): App\Models\RoleModel->getallJobData()
 6 SYSTEMPATH\CodeIgniter.php(943): App\Controllers\Admin\Role\Role->listAllRoles('19a5988d0e4abfd2114953b7266826a9')
 7 SYSTEMPATH\CodeIgniter.php(503): CodeIgniter\CodeIgniter->runController(Object(App\Controllers\Admin\Role\Role))
 8 SYSTEMPATH\CodeIgniter.php(361): CodeIgniter\CodeIgniter->handleRequest(null, Object(Config\Cache), false)
 9 FCPATH\index.php(79): CodeIgniter\CodeIgniter->run()
10 SYSTEMPATH\Commands\Server\rewrite.php(47): require_once('C:\\xampp\\htdocs\\adminnd\\public\\index.php')
CRITICAL - 2024-12-12 09:01:20 --> [Caused by] mysqli_sql_exception: Table 'webuser_moj.job_listings' doesn't exist
in SYSTEMPATH\Database\MySQLi\Connection.php on line 306.
 1 SYSTEMPATH\Database\MySQLi\Connection.php(306): mysqli->query('SELECT `job_listings`.*, `hoteliers`.`name`, `hoteliers`.`address`, `hoteliers`.`city`, `hoteliers`.`state`, `hoteliers`.`pin_code`, `hoteliers`.`address`
FROM `job_listings`
JOIN `hoteliers` ON `hoteliers`.`user_id` = `job_listings`.`hotelier_id`', 0)
 2 SYSTEMPATH\Database\BaseConnection.php(693): CodeIgniter\Database\MySQLi\Connection->execute('SELECT `job_listings`.*, `hoteliers`.`name`, `hoteliers`.`address`, `hoteliers`.`city`, `hoteliers`.`state`, `hoteliers`.`pin_code`, `hoteliers`.`address`
FROM `job_listings`
JOIN `hoteliers` ON `hoteliers`.`user_id` = `job_listings`.`hotelier_id`')
 3 SYSTEMPATH\Database\BaseConnection.php(607): CodeIgniter\Database\BaseConnection->simpleQuery('SELECT `job_listings`.*, `hoteliers`.`name`, `hoteliers`.`address`, `hoteliers`.`city`, `hoteliers`.`state`, `hoteliers`.`pin_code`, `hoteliers`.`address`
FROM `job_listings`
JOIN `hoteliers` ON `hoteliers`.`user_id` = `job_listings`.`hotelier_id`')
 4 SYSTEMPATH\Database\BaseBuilder.php(1616): CodeIgniter\Database\BaseConnection->query('SELECT `job_listings`.*, `hoteliers`.`name`, `hoteliers`.`address`, `hoteliers`.`city`, `hoteliers`.`state`, `hoteliers`.`pin_code`, `hoteliers`.`address`
FROM `job_listings`
JOIN `hoteliers` ON `hoteliers`.`user_id` = `job_listings`.`hotelier_id`', [], false)
 5 APPPATH\Models\RoleModel.php(55): CodeIgniter\Database\BaseBuilder->get()
 6 APPPATH\Controllers\Admin\Role\Role.php(39): App\Models\RoleModel->getallJobData()
 7 SYSTEMPATH\CodeIgniter.php(943): App\Controllers\Admin\Role\Role->listAllRoles('19a5988d0e4abfd2114953b7266826a9')
 8 SYSTEMPATH\CodeIgniter.php(503): CodeIgniter\CodeIgniter->runController(Object(App\Controllers\Admin\Role\Role))
 9 SYSTEMPATH\CodeIgniter.php(361): CodeIgniter\CodeIgniter->handleRequest(null, Object(Config\Cache), false)
10 FCPATH\index.php(79): CodeIgniter\CodeIgniter->run()
11 SYSTEMPATH\Commands\Server\rewrite.php(47): require_once('C:\\xampp\\htdocs\\adminnd\\public\\index.php')
INFO - 2024-12-12 09:02:16 --> Session: Class initialized using 'CodeIgniter\Session\Handlers\FileHandler' driver.
INFO - 2024-12-12 09:02:50 --> Session: Class initialized using 'CodeIgniter\Session\Handlers\FileHandler' driver.
INFO - 2024-12-12 09:03:43 --> Session: Class initialized using 'CodeIgniter\Session\Handlers\FileHandler' driver.
INFO - 2024-12-12 09:04:23 --> Session: Class initialized using 'CodeIgniter\Session\Handlers\FileHandler' driver.
INFO - 2024-12-12 09:04:44 --> Session: Class initialized using 'CodeIgniter\Session\Handlers\FileHandler' driver.
INFO - 2024-12-12 09:04:56 --> Session: Class initialized using 'CodeIgniter\Session\Handlers\FileHandler' driver.
INFO - 2024-12-12 09:16:35 --> Session: Class initialized using 'CodeIgniter\Session\Handlers\FileHandler' driver.
INFO - 2024-12-12 09:16:40 --> Session: Class initialized using 'CodeIgniter\Session\Handlers\FileHandler' driver.
INFO - 2024-12-12 09:16:57 --> Session: Class initialized using 'CodeIgniter\Session\Handlers\FileHandler' driver.
INFO - 2024-12-12 09:17:00 --> Session: Class initialized using 'CodeIgniter\Session\Handlers\FileHandler' driver.
INFO - 2024-12-12 09:17:07 --> Session: Class initialized using 'CodeIgniter\Session\Handlers\FileHandler' driver.
INFO - 2024-12-12 09:17:12 --> Session: Class initialized using 'CodeIgniter\Session\Handlers\FileHandler' driver.
INFO - 2024-12-12 09:17:28 --> Session: Class initialized using 'CodeIgniter\Session\Handlers\FileHandler' driver.
INFO - 2024-12-12 09:17:53 --> Session: Class initialized using 'CodeIgniter\Session\Handlers\FileHandler' driver.
INFO - 2024-12-12 09:17:57 --> Session: Class initialized using 'CodeIgniter\Session\Handlers\FileHandler' driver.
CRITICAL - 2024-12-12 09:17:57 --> BadMethodCallException: Call to undefined method App\Models\RoleModel::getAllUserData
in SYSTEMPATH\Model.php on line 879.
 1 APPPATH\Controllers\Admin\Role\Role.php(61): CodeIgniter\Model->__call('getAllUserData', [])
 2 SYSTEMPATH\CodeIgniter.php(943): App\Controllers\Admin\Role\Role->listAllRole_Form('19a5988d0e4abfd2114953b7266826a9')
 3 SYSTEMPATH\CodeIgniter.php(503): CodeIgniter\CodeIgniter->runController(Object(App\Controllers\Admin\Role\Role))
 4 SYSTEMPATH\CodeIgniter.php(361): CodeIgniter\CodeIgniter->handleRequest(null, Object(Config\Cache), false)
 5 FCPATH\index.php(79): CodeIgniter\CodeIgniter->run()
 6 SYSTEMPATH\Commands\Server\rewrite.php(47): require_once('C:\\xampp\\htdocs\\adminnd\\public\\index.php')
INFO - 2024-12-12 09:18:45 --> Session: Class initialized using 'CodeIgniter\Session\Handlers\FileHandler' driver.
CRITICAL - 2024-12-12 09:18:45 --> CodeIgniter\View\Exceptions\ViewException: Invalid file: "admin/userrole/role_form.php"
in SYSTEMPATH\Exceptions\FrameworkException.php on line 39.
 1 SYSTEMPATH\View\View.php(216): CodeIgniter\Exceptions\FrameworkException::forInvalidFile('admin/userrole/role_form.php')
 2 SYSTEMPATH\Common.php(1178): CodeIgniter\View\View->render('admin/userrole/role_form', [], true)
 3 APPPATH\Controllers\Admin\Role\Role.php(71): view('admin/userrole/role_form', [...])
 4 SYSTEMPATH\CodeIgniter.php(943): App\Controllers\Admin\Role\Role->listAllRole_Form('19a5988d0e4abfd2114953b7266826a9')
 5 SYSTEMPATH\CodeIgniter.php(503): CodeIgniter\CodeIgniter->runController(Object(App\Controllers\Admin\Role\Role))
 6 SYSTEMPATH\CodeIgniter.php(361): CodeIgniter\CodeIgniter->handleRequest(null, Object(Config\Cache), false)
 7 FCPATH\index.php(79): CodeIgniter\CodeIgniter->run()
 8 SYSTEMPATH\Commands\Server\rewrite.php(47): require_once('C:\\xampp\\htdocs\\adminnd\\public\\index.php')
INFO - 2024-12-12 09:19:10 --> Session: Class initialized using 'CodeIgniter\Session\Handlers\FileHandler' driver.
INFO - 2024-12-12 09:19:49 --> Session: Class initialized using 'CodeIgniter\Session\Handlers\FileHandler' driver.
INFO - 2024-12-12 09:20:11 --> Session: Class initialized using 'CodeIgniter\Session\Handlers\FileHandler' driver.
INFO - 2024-12-12 09:24:36 --> Session: Class initialized using 'CodeIgniter\Session\Handlers\FileHandler' driver.
INFO - 2024-12-12 09:24:58 --> Session: Class initialized using 'CodeIgniter\Session\Handlers\FileHandler' driver.
INFO - 2024-12-12 09:25:34 --> Session: Class initialized using 'CodeIgniter\Session\Handlers\FileHandler' driver.
INFO - 2024-12-12 09:25:47 --> Session: Class initialized using 'CodeIgniter\Session\Handlers\FileHandler' driver.
INFO - 2024-12-12 09:25:49 --> Session: Class initialized using 'CodeIgniter\Session\Handlers\FileHandler' driver.
INFO - 2024-12-12 09:26:13 --> Session: Class initialized using 'CodeIgniter\Session\Handlers\FileHandler' driver.
INFO - 2024-12-12 09:26:37 --> Session: Class initialized using 'CodeIgniter\Session\Handlers\FileHandler' driver.
INFO - 2024-12-12 09:27:09 --> Session: Class initialized using 'CodeIgniter\Session\Handlers\FileHandler' driver.
INFO - 2024-12-12 09:29:00 --> Session: Class initialized using 'CodeIgniter\Session\Handlers\FileHandler' driver.
INFO - 2024-12-12 09:30:22 --> Session: Class initialized using 'CodeIgniter\Session\Handlers\FileHandler' driver.
INFO - 2024-12-12 09:30:41 --> Session: Class initialized using 'CodeIgniter\Session\Handlers\FileHandler' driver.
INFO - 2024-12-12 09:30:52 --> Session: Class initialized using 'CodeIgniter\Session\Handlers\FileHandler' driver.
INFO - 2024-12-12 09:31:00 --> Session: Class initialized using 'CodeIgniter\Session\Handlers\FileHandler' driver.
INFO - 2024-12-12 09:31:05 --> Session: Class initialized using 'CodeIgniter\Session\Handlers\FileHandler' driver.
INFO - 2024-12-12 09:31:34 --> Session: Class initialized using 'CodeIgniter\Session\Handlers\FileHandler' driver.
INFO - 2024-12-12 09:32:21 --> Session: Class initialized using 'CodeIgniter\Session\Handlers\FileHandler' driver.
INFO - 2024-12-12 09:32:57 --> Session: Class initialized using 'CodeIgniter\Session\Handlers\FileHandler' driver.
INFO - 2024-12-12 09:33:43 --> Session: Class initialized using 'CodeIgniter\Session\Handlers\FileHandler' driver.
INFO - 2024-12-12 09:35:02 --> Session: Class initialized using 'CodeIgniter\Session\Handlers\FileHandler' driver.
INFO - 2024-12-12 09:35:10 --> Session: Class initialized using 'CodeIgniter\Session\Handlers\FileHandler' driver.
INFO - 2024-12-12 09:35:36 --> Session: Class initialized using 'CodeIgniter\Session\Handlers\FileHandler' driver.
INFO - 2024-12-12 09:35:59 --> Session: Class initialized using 'CodeIgniter\Session\Handlers\FileHandler' driver.
INFO - 2024-12-12 09:36:23 --> Session: Class initialized using 'CodeIgniter\Session\Handlers\FileHandler' driver.
INFO - 2024-12-12 09:37:10 --> Session: Class initialized using 'CodeIgniter\Session\Handlers\FileHandler' driver.
INFO - 2024-12-12 09:37:15 --> Session: Class initialized using 'CodeIgniter\Session\Handlers\FileHandler' driver.
